0 info it worked if it ends with ok
1 verbose cli [ '/usr/bin/node', '/usr/bin/npm', 'install', 'node-libdbus' ]
2 info using npm@1.3.24
3 info using node@v0.10.25
4 verbose node symlink /usr/bin/node
5 warn package.json octopus-client@0.0.1 No description
6 warn package.json octopus-client@0.0.1 No repository field.
7 warn package.json octopus-client@0.0.1 No README data
8 warn package.json dbus@0.0.1-alpha bugs['web'] should probably be bugs['url'].
9 verbose readDependencies using package.json deps
10 verbose cache add [ 'node-libdbus', null ]
11 verbose cache add name=undefined spec="node-libdbus" args=["node-libdbus",null]
12 verbose parsed url { protocol: null,
12 verbose parsed url   slashes: null,
12 verbose parsed url   auth: null,
12 verbose parsed url   host: null,
12 verbose parsed url   port: null,
12 verbose parsed url   hostname: null,
12 verbose parsed url   hash: null,
12 verbose parsed url   search: null,
12 verbose parsed url   query: null,
12 verbose parsed url   pathname: 'node-libdbus',
12 verbose parsed url   path: 'node-libdbus',
12 verbose parsed url   href: 'node-libdbus' }
13 silly lockFile ba9ed90d-node-libdbus node-libdbus
14 verbose lock node-libdbus /home/sungwoo/.npm/ba9ed90d-node-libdbus.lock
15 silly lockFile ba9ed90d-node-libdbus node-libdbus
16 silly lockFile ba9ed90d-node-libdbus node-libdbus
17 verbose addNamed [ 'node-libdbus', '' ]
18 verbose addNamed [ null, '*' ]
19 silly lockFile aceeb4a0-node-libdbus node-libdbus@
20 verbose lock node-libdbus@ /home/sungwoo/.npm/aceeb4a0-node-libdbus.lock
21 silly addNameRange { name: 'node-libdbus', range: '*', hasData: false }
22 verbose url raw node-libdbus
23 verbose url resolving [ 'http://registry.npmjs.org/', './node-libdbus' ]
24 verbose url resolved http://registry.npmjs.org/node-libdbus
25 info trying registry request attempt 1 at 20:21:34
26 http GET http://registry.npmjs.org/node-libdbus
27 http 404 http://registry.npmjs.org/node-libdbus
28 silly registry.get cb [ 404,
28 silly registry.get   { server: 'CouchDB/1.5.0 (Erlang OTP/R14B04)',
28 silly registry.get     'content-type': 'application/json',
28 silly registry.get     via: '1.1 varnish',
28 silly registry.get     'cache-control': 'max-age=0',
28 silly registry.get     'content-length': '52',
28 silly registry.get     'accept-ranges': 'bytes',
28 silly registry.get     date: 'Thu, 03 Apr 2014 11:21:33 GMT',
28 silly registry.get     age: '0',
28 silly registry.get     connection: 'keep-alive',
28 silly registry.get     'x-served-by': 'cache-v43-ASH, cache-ty66-TYO',
28 silly registry.get     'x-cache': 'MISS, MISS',
28 silly registry.get     'x-cache-hits': '0, 0',
28 silly registry.get     'x-timer': 'S1396524093.171105623,VS0,VS84,VE92,VE178' } ]
29 silly lockFile aceeb4a0-node-libdbus node-libdbus@
30 silly lockFile aceeb4a0-node-libdbus node-libdbus@
31 error 404 'node-libdbus' is not in the npm registry.
31 error 404 You should bug the author to publish it
31 error 404 It was specified as a dependency of 'octopus-client'
31 error 404
31 error 404 Maybe try 'npm search libdbus'
31 error 404
31 error 404 Note that you can also install from a
31 error 404 tarball, folder, or http url, or git url.
32 error System Linux 3.2.0-58-generic-pae
33 error command "/usr/bin/node" "/usr/bin/npm" "install" "node-libdbus"
34 error cwd /home/sungwoo/projects/octopus_client
35 error node -v v0.10.25
36 error npm -v 1.3.24
37 error code E404
38 verbose exit [ 1, true ]
